Arguments: 
  /Users/joe/.nvm/versions/node/v12.14.1/bin/node /usr/local/bin/yarn start

PATH: 
  /Users/joe/.pyenv/shims:/Users/joe/.nvm/versions/node/v12.14.1/bin:/usr/local/bin:/usr/bin:/bin:/usr/sbin:/sbin:/usr/local/opt/fzf/bin

Yarn version: 
  1.5.1

Node version: 
  12.14.1

Platform: 
  darwin x64

npm manifest: 
  {
    "name": "platformer-starter",
    "version": "0.1.0",
    "description": "HTML5 Canvas Platformer Starter",
    "main": "webpack.config.js",
    "scripts": {
      "server": "nodemon server",
      "start": "npm run server",
      "watch": "webpack --watch --mode development",
      "test": "jest --verbose --coverage"
    },
    "repository": {
      "type": "git",
      "url": "git+https://github.com/helloitsjoe/platformer-starter.git"
    },
    "keywords": [
      "game",
      "platformer",
      "starter"
    ],
    "author": "Joe Boyle",
    "license": "ISC",
    "bugs": {
      "url": "https://github.com/helloitsjoe/platformer-starter/issues"
    },
    "homepage": "https://github.com/helloitsjoe/platformer-starter#readme",
    "husky": {
      "hooks": {
        "pre-push": "npm t"
      }
    },
    "devDependencies": {
      "@babel/core": "^7.2.2",
      "@babel/preset-env": "^7.2.3",
      "babel-eslint": "^10.0.2",
      "babel-loader": "^8.0.4",
      "eslint": "^5.15.1",
      "eslint-config-helloitsjoe": "^1.0.0",
      "eslint-plugin-import": "^2.18.0",
      "husky": "^1.3.1",
      "jest": "^24.8.0",
      "nodemon": "^1.18.9",
      "prettier": "^1.18.2",
      "webpack": "^4.28.0",
      "webpack-cli": "^3.1.2"
    },
    "jest": {
      "collectCoverageFrom": [
        "src/**/*.{js,jsx}",
        "!src/(index).js"
      ]
    },
    "dependencies": {
      "body-parser": "^1.18.3",
      "express": "^4.16.4",
      "ip": "^1.1.5",
      "socket.io": "^2.2.0"
    }
  }

yarn manifest: 
  No manifest

Lockfile: 
  No lockfile

Trace: 
  Error: Command failed.
  Exit code: 1
  Command: sh
  Arguments: -c npm run server
  Directory: /Users/joe/PROJECTS/platformer-starter
  Output:
  
      at ProcessTermError.MessageError (/usr/local/lib/node_modules/yarn/lib/cli.js:186:110)
      at new ProcessTermError (/usr/local/lib/node_modules/yarn/lib/cli.js:226:113)
      at ChildProcess.<anonymous> (/usr/local/lib/node_modules/yarn/lib/cli.js:30281:17)
      at ChildProcess.emit (events.js:223:5)
      at maybeClose (internal/child_process.js:1021:16)
      at Process.ChildProcess._handle.onexit (internal/child_process.js:283:5)
